Arguments: 
  /home/ruxlinux/.nvm/versions/node/v16.15.1/bin/node /usr/bin/yarn add @types/fs

PATH: 
  /home/ruxlinux/.vscode-server/bin/3b889b090b5ad5793f524b5d1d39fda662b96a2a/bin/remote-cli:/home/ruxlinux/.local/bin:/home/ruxlinux/.nvm/versions/node/v16.15.1/bin:/home/ruxlinux/.cargo/bin:/usr/local/sbin:/usr/local/bin:/usr/sbin:/usr/bin:/sbin:/bin:/usr/games:/usr/local/games:/usr/lib/wsl/lib:/mnt/c/Program Files/NVIDIA GPU Computing Toolkit/CUDA/v11.0/bin:/mnt/c/Program Files/NVIDIA GPU Computing Toolkit/CUDA/v11.0/libnvvp:/mnt/c/Windows/system32:/mnt/c/Windows:/mnt/c/Windows/System32/Wbem:/mnt/c/Windows/System32/WindowsPowerShell/v1.0/:/mnt/c/Windows/System32/OpenSSH/:/mnt/c/Program Files/nodejs/:/mnt/c/Program Files/Git/cmd:/mnt/c/Program Files/Docker/Docker/resources/bin:/mnt/c/ProgramData/DockerDesktop/version-bin:/mnt/c/Program Files/NVIDIA Corporation/Nsight Compute 2020.1.2/:/mnt/c/Program Files (x86)/NVIDIA Corporation/PhysX/Common:/mnt/c/Program Files/NVIDIA Corporation/NVIDIA NvDLISR:/mnt/c/Program Files/dotnet/:/mnt/c/Program Files/Solidigm/Solidigm(TM) Storage Tool/:/mnt/c/Users/nevar/.cargo/bin:/mnt/c/Users/nevar/AppData/Local/Microsoft/WindowsApps:/mnt/c/Users/nevar/AppData/Local/Programs/Microsoft VS Code/bin:/mnt/c/Users/nevar/AppData/Roaming/npm:/snap/bin

Yarn version: 
  1.22.19

Node version: 
  16.15.1

Platform: 
  linux x64

Trace: 
  Error: https://registry.yarnpkg.com/@types%2ffs: Not found
      at Request.params.callback [as _callback] (/usr/lib/node_modules/yarn/lib/cli.js:66145:18)
      at Request.self.callback (/usr/lib/node_modules/yarn/lib/cli.js:140890:22)
      at Request.emit (node:events:527:28)
      at Request.<anonymous> (/usr/lib/node_modules/yarn/lib/cli.js:141862:10)
      at Request.emit (node:events:527:28)
      at IncomingMessage.<anonymous> (/usr/lib/node_modules/yarn/lib/cli.js:141784:12)
      at Object.onceWrapper (node:events:641:28)
      at IncomingMessage.emit (node:events:539:35)
      at endReadableNT (node:internal/streams/readable:1345:12)
      at processTicksAndRejections (node:internal/process/task_queues:83:21)

npm manifest: 
  {
    "name": "compose-to-easypanel",
    "version": "1.0.0",
    "description": "create a esypanel sevice schema from a docker-compose file",
    "main": "dist/index.js",
    "scripts": {
      "build:ts": "tsc -p .",
      "watch:ts": "tsc -p . --watch",
      "start": "node dist/index.js"
    },
    "repository": {
      "type": "git",
      "url": "git+https://github.com/ravenbroetzmann/compose-to-easypanel.git"
    },
    "keywords": [
      "easypanel",
      "docker",
      "docker-compose",
      "server-control-panel"
    ],
    "author": "Raven Brötzmann",
    "license": "ISC",
    "bugs": {
      "url": "https://github.com/ravenbroetzmann/compose-to-easypanel/issues"
    },
    "homepage": "https://github.com/ravenbroetzmann/compose-to-easypanel#readme",
    "devDependencies": {
      "typescript": "^4.7.4"
    }
  }

yarn manifest: 
  No manifest

Lockfile: 
  # THIS IS AN AUTOGENERATED FILE. DO NOT EDIT THIS FILE DIRECTLY.
  # yarn lockfile v1
  
  
  typescript@^4.7.4:
    version "4.7.4"
    resolved "https://registry.yarnpkg.com/typescript/-/typescript-4.7.4.tgz#1a88596d1cf47d59507a1bcdfb5b9dfe4d488235"
    integrity sha512-C0WQT0gezHuw6AdY1M2jxUO83Rjf0HP7Sk1DtXj6j1EwkQNZrHAg2XPWlq62oqEhYvONq5pkC2Y9oPljWToLmQ==
